<?xml version="1.0" encoding="UTF-8"?><testsuite errors="1" failures="0" name="login" skipped="0" tests="1" time="17.19" timestamp="2022-09-07 10:58:06"><testcase name="Login Correct"><error message="Arity mismatch: Step Definition 'com.speedup.qa.stepdefinitions.loginStepDefinitions.heCompleteTheInformationForTheLoginWithFamamatiasQaGmailComAndMati(int) in file:/home/mati/Desktop/Selenium%20Front/automation_frontend/target/test-classes/' with pattern [^he complete the information for the login with (.*) and (.*)$] is declared with 1 parameters. However, the gherkin step has 2 arguments ['famamatias.qa@gmail.com', 'Mati123456']. &#10;Step text: he complete the information for the login with 'famamatias.qa@gmail.com' and 'Mati123456'" type="cucumber.runtime.CucumberException">Arity mismatch: Step Definition 'com.speedup.qa.stepdefinitions.loginStepDefinitions.heCompleteTheInformationForTheLoginWithFamamatiasQaGmailComAndMati(int) in file:/home/mati/Desktop/Selenium%20Front/automation_frontend/target/test-classes/' with pattern [^he complete the information for the login with (.*) and (.*)$] is declared with 1 parameters. However, the gherkin step has 2 arguments ['famamatias.qa@gmail.com', 'Mati123456']. 
Step text: he complete the information for the login with 'famamatias.qa@gmail.com' and 'Mati123456'</error><system-err>Arity mismatch: Step Definition 'com.speedup.qa.stepdefinitions.loginStepDefinitions.heCompleteTheInformationForTheLoginWithFamamatiasQaGmailComAndMati(int) in file:/home/mati/Desktop/Selenium%20Front/automation_frontend/target/test-classes/' with pattern [^he complete the information for the login with (.*) and (.*)$] is declared with 1 parameters. However, the gherkin step has 2 arguments ['famamatias.qa@gmail.com', 'Mati123456']. 
Step text: he complete the information for the login with 'famamatias.qa@gmail.com' and 'Mati123456'
cucumber.runner.Runner.runPickle(Runner.java:80)
</system-err></testcase></testsuite>